<?xml version="1.0" encoding="UTF-8"?>
<!-- Generated by org.testng.reporters.JUnitReportReporter -->
<testsuite hostname="LAPTOP-2H7AESPG" failures="0" tests="4" name="com.qa.testcases.LoginPageTests" time="25.459" errors="0" timestamp="2023-04-26T22:48:39 EDT" skipped="0">
  <testcase classname="com.qa.testcases.LoginPageTests" name="testLoginPageTitle" time="6.374"/>
  <system-out/>
  <testcase classname="com.qa.testcases.LoginPageTests" name="testActiImageIsDisplayed" time="5.652"/>
  <system-out/>
  <testcase classname="com.qa.testcases.LoginPageTests" name="forgotPasswordIsDisplayed" time="5.717"/>
  <system-out/>
  <testcase classname="com.qa.testcases.LoginPageTests" name="loginFunctionality" time="7.716"/>
  <system-out/>
</testsuite> <!-- com.qa.testcases.LoginPageTests -->
